生成启动时间为 2015/12/26 7:50:03。
     1>项目“C:\Users\Yesheng\Desktop\OJ\SJTU OJ\test\test\test.vcxproj”在节点 2 上(Build 个目标)。
     1>ClCompile:
         D:\Program Files\VC\bin\CL.exe /c /ZI /nologo /W3 /WX- /sdl /Od /Oy- /D WIN32 /D _DEBUG /D _CONSOLE /D _UNICODE /D UNICODE /Gm /EHsc /RTC1 /MDd /GS /fp:precise /Zc:wchar_t /Zc:forScope /Fo"Debug\\" /Fd"Debug\vc110.pdb" /Gd /TP /analyze- /errorReport:prompt fuck.cpp
         fuck.cpp
     1>c:\users\yesheng\desktop\oj\sjtu oj\test\test\fuck.cpp(6): error C2143: 语法错误 : 缺少“;”(在“==”的前面)
     1>C:\Program Files (x86)\MSBuild\Microsoft.Cpp\v4.0\V110\Microsoft.CppCommon.targets(347,5): error MSB6006: “CL.exe”已退出，代码为 2。
     1>c:\users\yesheng\desktop\oj\sjtu oj\test\test\fuck.cpp(6): warning C4390: “;”: 找到空的受控语句；这是否是有意的?
     1>c:\users\yesheng\desktop\oj\sjtu oj\test\test\fuck.cpp(6): error C2059: 语法错误:“)”
     1>c:\users\yesheng\desktop\oj\sjtu oj\test\test\fuck.cpp(7): error C2181: 没有匹配 if 的非法 else
     1>已完成生成项目“C:\Users\Yesheng\Desktop\OJ\SJTU OJ\test\test\test.vcxproj”(Build 个目标)的操作 - 失败。

生成失败。

已用时间 00:00:00.95
